243
246
255
258
267
271
280
282
291
297
306
308
317
320
329
331
340
346
355
357
366
369
378
380
389
393
402
404
413
416
425
427
436
443
452
454
463
466
475
477
486
490
499
501
510
513
522
524
533
538
547
549
558
561
570
572
581
585
594
596
605
608
617
619
628
636
645
647
656
659
668
670
679
683
692
694
703
706
715
717
726
731
740
742
751
754
763
765
774
778
787
789
798
801
810
812
821
827
836
839
848
851
860
862
871
875
884
886
895
898
907
909
918
923
932
934
943
946
955
957
966
970
979
981
990
993
1002
1004
1013
1022
1031
1033
1042
1045
1054
1056
1065
1069
1078
1080
1089
1092
1101
1103
1112
1117
1126
1128
1137
1140
1149
1151
1160
1164
1173
1175
1184
1187
1196
1198
1207
1213
1222
1224
1233
1236
1245
1247
1256
1260
1269
1271
1280
1283
1292
1294
1303
1308
1317
1319
1328
1331
1340
1342
1351
1355
1364
1366
1375
1378
1387
1389
1398
1405
1414
1416
1425
1428
1437
1439
1448
1452
1461
1463
1472
1475
1484
1486
1495
1500
1509
1511
1520
1523
1532
1534
1543
1547
1556
1558
1567
1570
1579
1581
1590
1596
1605
1607
1616
1619
1628
1630
1639
1643
1652
1654
1663
1666
1675
1677
1686
1691
1700
1702
1711
1714
1723
1725
1734
1738
1747
1749
1758
1761
1770
1772
1781
1791
1800
1802
1811
1814
1823
1825
1834
1838
1847
1849
1858
1861
1870
1872
1881
1886
1895
1897
1906
1909
1918
1920
1929
1933
1942
1944
1953
1956
1965
1967
1976
1982
1991
1993
2002
2005
2014
2016
2025
2029
2038
2040
2049
2052
2061
2063
2072
2077
2086
2088
2097
2100
2109
2111
2120
2124
2133
2135
2144
2147
2156
2158
2167
2174
2183
2185
2194
2197
2206
2208
2217
2221
2230
2232
2241
2244
2253
2255
2264
2269
2278
2280
2289
2292
2301
2303
2312
2316
2325
2327
2336
2339
2348
2350
2359
2365
2374
2376
2385
2388
2397
2399
2408
2412
2421
2423
2432
2435
2444
2446
2455
2460
2469
2471
2480
2483
2492
2494
2503
2507
2516
2518
2527
2530
2539
2541
2550
2558
2567
2569
2578
2581
2590
2592
2601
2605
2614
2616
2625
2628
2637
2639
2648
2653
2662
2664
2673
2676
2685
2687
2696
2700
2709
2711
2720
2723
2732
2734
2743
2749
2758
2760
2769
2772
2781
2783
2792
2796
2805
2807
2816
2819
2828
2830
2839
2844
2853
2855
2864
2867
2876
2878
2887
2891
2900
2902
2911
2914
2923
2925
2934
2941
2950
2952
2961
2964
2973
2975
2984
2988
2997
2999
3008
3011
3020
3022
3031
3036
3045
3047
3056
3059
3068
3070
3079
3083
3092
3094
3103
3106
3115
3117
3126
3132
3141
3143
3152
3155
3164
3166
3174
3178
3187
3189
3198
3201
3210
3212
3221
3226
3235
3237
3246
3249
3258
3260
3269
3273
3282
3284
3293
3296
3305
3307
3316
3327
3336
3338
3347
3350
3359
3361
3370
3374
3383
3385
3394
3397
3406
3408
3417
3422
3431
3433
3442
3445
3454
3456
3465
3469
3478
3480
3489
3492
3501
3503
3512
3518
3527
3529
3538
3541
3550
3552
3561
3565
3574
3576
3585
3588
3597
3599
3608
3613
3622
3624
3633
3636
3645
3647
3656
3660
3669
3671
3680
3683
3692
3694
3703
3710
3719
3721
3730
3733
3742
3744
3753
3757
3766
3768
3777
3780
3789
3791
3800
3805
3814
3816
3825
3828
3837
3839
3848
3852
3861
3863
3872
3875
3884
3886
3895
3901
3910
3912
3921
3924
3933
3935
3944
3948
3957
3959
3968
3971
3980
3982
3991
3996
4005
4007
4016
4019
4028
4030
4039
4043
4052
4054
4063
4066
4075
4077
4086
4094
4103
4105
4114
4117
4126
4128
4137
4141
4150
4152
4161
4164
4173
4175
4184
4189
4198
4200
4209
4212
4221
4223
4232
4236
4245
4247
4256
4259
4268
4270
4279
4285
4294
4296
4305
4308
4317
4319
4328
4332
4341
4343
4352
4355
4364
4366
4375
4380
4389
4391
4400
4403
4412
4414
4423
4427
4436
4438
4447
4450
4459
4461
4470
4477
4486
4488
4497
4500
4509
4511
4520
4524
4533
4535
4544
4547
4556
4558
4567
4572
4581
4583
4592
4595
4604
4606
4615
4619
4628
4630
4639
4642
4651
4653
4662
4668
4677
4679
4688
4691
4700
4702
4711
4715
4724
4726
4735
4738
4747
4749
4758
4763
4772
4774
4783
4786
4795
4797
4806
4810
4819
4821
4830
4833
4842
4844
4853
4862
4871
4873
4882
4885
4894
4896
4905
4909
4918
4920
4929
4932
4941
4943
4952
4957
4966
4968
4977
4980
4989
4991
5000
5004
5013
5015
5024
5027
5036
5038
5047
5053
5062
5064
5073
5076
5085
5087
5096
5100
5109
5111
5120
5123
5132
5134
5143
5148
5157
5159
5168
5171
5180
5182
5191
5195
5204
5206
5215
5218
5227
5229
5238
5245
5254
5256
5265
5268
5277
5279
5288
5292
5301
5303
5312
5315
5324
5326
5335
5340
5349
5351
5360
5363
5372
5374
5383
5387
5396
5398
5407
5410
5419
5421
5430
5436
5445
5447
5456
5459
5468
5470
5479
5483
5492
5494
5503
5506
5515
5517
5526
5531
5540
5542
5551
5554
5563
5565
5574
5578
5587
5589
5598
5601
5610
5612
5621
5629
5638
5640
5649
5652
5661
5663
5672
5676
5685
5687
5696
5699
5708
5710
5719
5724
5733
5735
5744
5747
5756
5758
5767
5771
5780
5782
5791
5794
5803
5805
5814
5820
5829
5831
5840
5843
5852
5854
5863
5867
5876
5878
5887
5890
5899
5901
5910
5915
5924
5926
5935
5938
5947
5949
5958
5962
5971
5973
5982
5985
5994
5996
6005
6012
6021
6023
6032
6035
6044
6046
6055
6059
6068
6070
6079
6082
6091
6093
6102
6107
6116
6118
6127
6130
6139
6141
6150
6154
6163
6165
6174
6177
6186
6188
6197
6203
6212
6214
6223
6226
6235
6238
6247
6251
6260
6262
6271
6274
6283
6285
6294
6299
6308
6310
6319
6322
6331
6333
6342
6346
6355
6357
6366
6369
6378
6380
6389
6401
6410
6412
6421
6424
6433
6435
6444
6448
6457
6459
6468
6471
6480
6482
6491
6496
6505
6507
6516
6519
6528
6530
6539
6543
6552
6554
6563
6566
6575
6577
6586
6592
6601
6603
6612
6615
6624
6626
6635
6639
6648
6650
6659
6662
6671
6673
6682
6687
6696
6698
6707
6710
6719
6721
6730
6734
6743
6745
6754
6757
6766
6768
6777
6784
6793
6795
6804
6807
6816
6818
6827
6831
6840
6842
6851
6854
6863
6865
6874
6879
6888
6890
6899
6902
6911
6913
6922
6926
6935
6937
6946
6949
6958
6960
6969
6975
6984
6986
6995
6998
7007
7009
7018
7022
7031
7033
7042
7045
7054
7056
7065
7070
7079
7081
7090
7093
7102
7104
7113
7117
7126
7128
7137
7140
7149
7151
7160
7168
7177
7179
7188
7191
7200
7202
7211
7215
7224
7226
7235
7238
7247
7249
7258
7263
7272
7274
7283
7286
7295
7297
7306
7310
7319
7321
7330
7333
7342
7344
7353
7359
7368
7370
7379
7382
7391
7393
7402
7406
7415
7417
7426
7429
7438
7440
7449
7454
7463
7465
7474
7477
7486
7488
7497
7501
7510
7512
7521
7524
7533
7535
7544
7551
7560
7562
7571
7574
7583
7585
7594
7598
7607
7609
7618
7621
7630
7632
7641
7646
7655
7657
7666
7669
7678
7680
7689
7693
7702
7704
7713
7716
7725
7727
7736
7742
7751
7753
7762
7765
7774
7776
7785
7789
7798
7800
7809
7812
7821
7823
7832
7837
7846
7848
7857
7860
7869
7871
7880
7884
7893
7895
7904
7907
7916
7918
7927
7936
7945
7947
7956
7959
7968
7970
7979
7983
7992
7994
8003
8006
8015
8017
8026
8031
8040
8042
8051
8054
8063
8065
8074
8078
8087
8089
8098
8101
8110
8112
8121
8127
8136
8138
8147
8150
8159
8161
8170
8174
8183
8185
8194
8197
8206
8208
8217
8222
8231
8233
8242
8245
8254
8256
8265
8269
8278
8280
8289
8292
8301
8303
8312
8319
8328
8330
8339
8342
8351
8353
8362
8366
8375
8377
8386
8389
8398
8400
8409
8414
8423
8425
8434
8437
8446
8448
8457
8461
8470
8472
8481
8484
8493
8495
8504
8510
8519
8521
8530
8533
8542
8544
8553
8557
8566
8568
8577
8580
8589
8591
8600
8605
8614
8616
8625
8628
8637
8639
8648
8652
8661
8663
8672
8675
8684
8686
8695
8703
8712
8714
8723
8726
8735
8737
8746
8750
8759
8761
8770
8773
8782
8784
8793
8798
8807
8809
8818
8821
8830
8832
8841
8845
8854
8856
8865
8868
8877
8879
8888
8894
8903
8905
8914
8917
8926
8928
8937
8941
8950
8952
8961
8964
8973
8975
8984
8989
8998
9000
9009
9012
9021
9023
9032
9036
9045
9047
9056
9059
9068
9070
9079
9086
9095
9097
9106
9109
9118
9120
9129
9133
9142
9144
9153
9156
9165
9167
9176
9181
9190
9192
9201
9204
9213
9215
9224
9228
9237
9239
