2361
4084
6505
9622
13529
18188
23749
30198
37599
45938
55283
65672
77299
89986
103667
118840
135191
152834
171855
192300
214047
237390
262295
288814
316799
346476
377655
410874
445739
482356
520835
561266
603731
648016
694467
742646
793527
846144
900999
958284
1017895
1079294
1143303
1210176
1278947
1350394
1424351
1500948
1579991
1661794
1746395
1833344
1923567
2016622
2111895
2211082
2312391
2416964
2524503
2635354
2749000
2865953
2985864
3109207
3235904
3365841
3499400
3636147
3776392
3920025
4067012
4219874
4374578
4532722
4694560
4860018
5029518
5202682
5379244
5560670
5745734
5934362
6127668
6324522
6525994
6731094
6940140
7155028
7372986
7595340
7822632
8053220
8289390
8529260
8774392
9023812
9277270
9535548
9799313
