2249
3802
5907
8572
11789
15538
19811
24632
30031
35892
42365
49354
56927
65016
73613
82626
92291
102612
113545
124806
136667
149000
161805
175620
189647
204018
219513
235440
251603
268582
286173
303264
321659
340498
359793
380068
400795
421490
442965
465706
488991
512108
535781
560518
585115
610956
635757
662730
690355
717092
744925
773782
804267
834148
864961
894228
925887
957110
989621
1023108
1056496
1090951
1129434
1164357
1199356
1233971
1271110
1307649
1346152
1385071
1424014
1464112
1503494
1543636
1586946
1628124
1671414
1714164
1758746
1802304
1845774
1890504
1934134
1979480
2026546
2077124
2124174
2173134
2220166
2270902
2322206
2374698
2424106
2475330
2523322
2575302
2629554
2684010
2738783
