245
248
257
260
269
273
282
284
293
299
308
310
319
322
331
333
342
348
357
359
368
371
380
382
391
395
404
406
415
418
427
429
438
445
454
456
465
468
477
479
488
492
501
503
512
515
524
526
535
540
549
551
560
563
572
574
583
587
596
598
607
610
619
621
630
638
647
649
658
661
670
672
681
685
694
696
705
708
717
719
728
733
742
744
753
756
765
767
776
780
789
791
800
803
812
814
823
829
838
841
850
853
862
864
873
877
886
888
897
900
909
911
920
925
934
936
945
948
957
959
968
972
981
983
992
995
1004
1006
1015
1024
1033
1035
1044
1047
1056
1058
1067
1071
1080
1082
1091
1094
1103
1105
1114
1119
1128
1130
1139
1142
1151
1153
1162
1166
1175
1177
1186
1189
1198
1200
1209
1215
1224
1226
1235
1238
1247
1249
1258
1262
1271
1273
1282
1285
1294
1296
1305
1310
1319
1321
1330
1333
1342
1344
1353
1357
1366
1368
1377
1380
1389
1391
1400
1407
1416
1418
1427
1430
1439
1441
1450
1454
1463
1465
1474
1477
1486
1488
1497
1502
1511
1513
1522
1525
1534
1536
1545
1549
1558
1560
1569
1572
1581
1583
1592
1598
1607
1609
1618
1621
1630
1632
1641
1645
1654
1656
1665
1668
1677
1679
1688
1693
1702
1704
1713
1716
1725
1727
1736
1740
1749
1751
1760
1763
1772
1774
1783
1793
1802
1804
1813
1816
1825
1827
1836
1840
1849
1851
1860
1863
1872
1874
1883
1888
1897
1899
1908
1911
1920
1922
1931
1935
1944
1946
1955
1958
1967
1969
1978
1984
1993
1995
2004
2007
2016
2018
2027
2031
2040
2042
2051
2054
2063
2065
2074
2079
2088
2090
2099
2102
2111
2113
2122
2126
2135
2137
2146
2149
2158
2160
2169
2176
2185
2187
2196
2199
2208
2210
2219
2223
2232
2234
2243
2246
2255
2257
2266
2271
2280
2282
2291
2294
2303
2305
2314
2318
2327
2329
2338
2341
2350
2352
2361
2367
2376
2378
2387
2390
2399
2401
2410
2414
2423
2425
2434
2437
2446
2448
2457
2462
2471
2473
2482
2485
2494
2496
2505
2509
2518
2520
2529
2532
2541
2543
2552
2560
2569
2571
2580
2583
2592
2594
2603
2607
2616
2618
2627
2630
2639
2641
2650
2655
2664
2666
2675
2678
2687
2689
2698
2702
2711
2713
2722
2725
2734
2736
2745
2751
2760
2762
2771
2774
2783
2785
2794
2798
2807
2809
2818
2821
2830
2832
2841
2846
2855
2857
2866
2869
2878
2880
2889
2893
2902
2904
2913
2916
2925
2927
2936
2943
2952
2954
2963
2966
2975
2977
2986
2990
2999
3001
3010
3013
3022
3024
3033
3038
3047
3049
3058
3061
3070
3072
3081
3085
3094
3096
3105
3108
3117
3119
3128
3134
3143
3145
3154
3157
3166
3168
3176
3180
3189
3191
3200
3203
3212
3214
3223
3228
3237
3239
3248
3251
3260
3262
3271
3275
3284
3286
3295
3298
3307
3309
3318
3329
3338
3340
3349
3352
3361
3363
3372
3376
3385
3387
3396
3399
3408
3410
3419
3424
3433
3435
3444
3447
3456
3458
3467
3471
3480
3482
3491
3494
3503
3505
3514
3520
3529
3531
3540
3543
3552
3554
3563
3567
3576
3578
3587
3590
3599
3601
3610
3615
3624
3626
3635
3638
3647
3649
3658
3662
3671
3673
3682
3685
3694
3696
3705
3712
3721
3723
3732
3735
3744
3746
3755
3759
3768
3770
3779
3782
3791
3793
3802
3807
3816
3818
3827
3830
3839
3841
3850
3854
3863
3865
3874
3877
3886
3888
3897
3903
3912
3914
3923
3926
3935
3937
3946
3950
3959
3961
3970
3973
3982
3984
3993
3998
4007
4009
4018
4021
4030
4032
4041
4045
4054
4056
4065
4068
4077
4079
4088
4096
4105
4107
4116
4119
4128
4130
4139
4143
4152
4154
4163
4166
4175
4177
4186
4191
4200
4202
4211
4214
4223
4225
4234
4238
4247
4249
4258
4261
4270
4272
4281
4287
4296
4298
4307
4310
4319
4321
4330
4334
4343
4345
4354
4357
4366
4368
4377
4382
4391
4393
4402
4405
4414
4416
4425
4429
4438
4440
4449
4452
4461
4463
4472
4479
4488
4490
4499
4502
4511
4513
4522
4526
4535
4537
4546
4549
4558
4560
4569
4574
4583
4585
4594
4597
4606
4608
4617
4621
4630
4632
4641
4644
4653
4655
4664
4670
4679
4681
4690
4693
4702
4704
4713
4717
4726
4728
4737
4740
4749
4751
4760
4765
4774
4776
4785
4788
4797
4799
4808
4812
4821
4823
4832
4835
4844
4846
4855
4864
4873
4875
4884
4887
4896
4898
4907
4911
4920
4922
4931
4934
4943
4945
4954
4959
4968
4970
4979
4982
4991
4993
5002
5006
5015
5017
5026
5029
5038
5040
5049
5055
5064
5066
5075
5078
5087
5089
5098
5102
5111
5113
5122
5125
5134
5136
5145
5150
5159
5161
5170
5173
5182
5184
5193
5197
5206
5208
5217
5220
5229
5231
5240
5247
5256
5258
5267
5270
5279
5281
5290
5294
5303
5305
5314
5317
5326
5328
5337
5342
5351
5353
5362
5365
5374
5376
5385
5389
5398
5400
5409
5412
5421
5423
5432
5438
5447
5449
5458
5461
5470
5472
5481
5485
5494
5496
5505
5508
5517
5519
5528
5533
5542
5544
5553
5556
5565
5567
5576
5580
5589
5591
5600
5603
5612
5614
5623
5631
5640
5642
5651
5654
5663
5665
5674
5678
5687
5689
5698
5701
5710
5712
5721
5726
5735
5737
5746
5749
5758
5760
5769
5773
5782
5784
5793
5796
5805
5807
5816
5822
5831
5833
5842
5845
5854
5856
5865
5869
5878
5880
5889
5892
5901
5903
5912
5917
5926
5928
5937
5940
5949
5951
5960
5964
5973
5975
5984
5987
5996
5998
6007
6014
6023
6025
6034
6037
6046
6048
6057
6061
6070
6072
6081
6084
6093
6095
6104
6109
6118
6120
6129
6132
6141
6143
6152
6156
6165
6167
6176
6179
6188
6190
6199
6205
6214
6216
6225
6228
6237
6240
6249
6253
6262
6264
6273
6276
6285
6287
6296
6301
6310
6312
6321
6324
6333
6335
6344
6348
6357
6359
6368
6371
6380
6382
6391
6403
6412
6414
6423
6426
6435
6437
6446
6450
6459
6461
6470
6473
6482
6484
6493
6498
6507
6509
6518
6521
6530
6532
6541
6545
6554
6556
6565
6568
6577
6579
6588
6594
6603
6605
6614
6617
6626
6628
6637
6641
6650
6652
6661
6664
6673
6675
6684
6689
6698
6700
6709
6712
6721
6723
6732
6736
6745
6747
6756
6759
6768
6770
6779
6786
6795
6797
6806
6809
6818
6820
6829
6833
6842
6844
6853
6856
6865
6867
6876
6881
6890
6892
6901
6904
6913
6915
6924
6928
6937
6939
6948
6951
6960
6962
6971
6977
6986
6988
6997
7000
7009
7011
7020
7024
7033
7035
7044
7047
7056
7058
7067
7072
7081
7083
7092
7095
7104
7106
7115
7119
7128
7130
7139
7142
7151
7153
7162
7170
7179
7181
7190
7193
7202
7204
7213
7217
7226
7228
7237
7240
7249
7251
7260
7265
7274
7276
7285
7288
7297
7299
7308
7312
7321
7323
7332
7335
7344
7346
7355
7361
7370
7372
7381
7384
7393
7395
7404
7408
7417
7419
7428
7431
7440
7442
7451
7456
7465
7467
7476
7479
7488
7490
7499
7503
7512
7514
7523
7526
7535
7537
7546
7553
7562
7564
7573
7576
7585
7587
7596
7600
7609
7611
7620
7623
7632
7634
7643
7648
7657
7659
7668
7671
7680
7682
7691
7695
7704
7706
7715
7718
7727
7729
7738
7744
7753
7755
7764
7767
7776
7778
7787
7791
7800
7802
7811
7814
7823
7825
7834
7839
7848
7850
7859
7862
7871
7873
7882
7886
7895
7897
7906
7909
7918
7920
7929
7938
7947
7949
7958
7961
7970
7972
7981
7985
7994
7996
8005
8008
8017
8019
8028
8033
8042
8044
8053
8056
8065
8067
8076
8080
8089
8091
8100
8103
8112
8114
8123
8129
8138
8140
8149
8152
8161
8163
8172
8176
8185
8187
8196
8199
8208
8210
8219
8224
8233
8235
8244
8247
8256
8258
8267
8271
8280
8282
8291
8294
8303
8305
8314
8321
8330
8332
8341
8344
8353
8355
8364
8368
8377
8379
8388
8391
8400
8402
8411
8416
8425
8427
8436
8439
8448
8450
8459
8463
8472
8474
8483
8486
8495
8497
8506
8512
8521
8523
8532
8535
8544
8546
8555
8559
8568
8570
8579
8582
8591
8593
8602
8607
8616
8618
8627
8630
8639
8641
8650
8654
8663
8665
8674
8677
8686
8688
8697
8705
8714
8716
8725
8728
8737
8739
8748
8752
8761
8763
8772
8775
8784
8786
8795
8800
8809
8811
8820
8823
8832
8834
8843
8847
8856
8858
8867
8870
8879
8881
8890
8896
8905
8907
8916
8919
8928
8930
8939
8943
8952
8954
8963
8966
8975
8977
8986
8991
9000
9002
9011
9014
9023
9025
9034
9038
9047
9049
9058
9061
9070
9072
9081
9088
9097
9099
9108
9111
9120
9122
9131
9135
9144
9146
9155
9158
9167
9169
9178
9183
9192
9194
9203
9206
9215
9217
9226
9230
9239
9241
