256
265
274
283
292
301
310
319
328
338
347
356
365
374
383
392
401
410
419
428
437
446
455
464
473
482
491
500
509
518
527
536
545
554
563
572
581
590
599
608
617
626
635
644
653
662
671
680
689
698
707
716
725
734
743
752
761
770
779
788
797
806
815
824
833
842
851
860
869
878
887
896
905
914
923
932
941
950
959
968
977
986
995
1004
1013
1022
1031
1040
1049
1058
1067
1076
1085
1094
1103
1112
1121
1130
1139
1149
1158
1167
1176
1185
1194
1203
1212
1221
1230
1239
1248
1257
1266
1275
1284
1293
1302
1311
1320
1329
1338
1347
1356
1365
1374
1383
1392
1401
1410
1419
1428
1437
1446
1455
1464
1473
1482
1491
1500
1509
1518
1527
1536
1545
1554
1563
1572
1581
1590
1599
1608
1617
1626
1635
1644
1653
1662
1671
1680
1689
1698
1707
1716
1725
1734
1743
1752
1761
1770
1779
1788
1797
1806
1815
1824
1833
1842
1851
1860
1869
1878
1887
1896
1905
1914
1923
1932
1941
1950
1959
1968
1977
1986
1995
2004
2013
2022
2031
2040
2049
2058
2067
2076
2085
2094
2103
2112
2121
2130
2139
2148
2157
2166
2175
2184
2193
2202
2211
2220
2229
2238
2247
2256
2265
2274
2283
2292
2301
2310
2319
2328
2337
2346
2355
2364
2373
2382
2391
2400
2409
2418
2427
2436
2445
2454
2463
2472
2481
2490
2499
2508
2517
2526
2535
2544
2553
2562
2571
2580
2589
2598
2607
2616
2625
2634
2643
2652
2661
2670
2679
2688
2697
2706
2715
2724
2733
2742
2751
2760
2769
2778
2787
2796
2805
2814
2823
2832
2841
2850
2859
2868
2877
2886
2895
2904
2913
2922
2931
2940
2949
2958
2967
2976
2985
2994
3003
3012
3021
3030
3039
3048
3057
3066
3075
3084
3093
3102
3111
3120
3129
3138
3147
3156
3165
3174
3183
3192
3201
3210
3219
3228
3237
3246
3255
3264
3273
3282
3291
3300
3309
3318
3327
3336
3345
3354
3363
3372
3381
3390
3399
3408
3417
3426
3435
3444
3453
3462
3471
3480
3489
3498
3507
3516
3525
3534
3543
3552
3561
3570
3579
3588
3597
3606
3615
3624
3633
3642
3651
3660
3669
3678
3687
3696
3705
3714
3723
3732
3741
3750
3759
3768
3777
3786
3795
3804
3813
3822
3831
3840
3849
3858
3867
3876
3885
3894
3903
3912
3921
3930
3939
3948
3957
3966
3975
3984
3993
4002
4011
4020
4029
4038
4047
4056
4065
4074
4083
4092
4101
4110
4119
4128
4137
4146
4155
4164
4173
4182
4191
4200
4209
4218
4227
4236
4245
4254
4263
4272
4281
4290
4299
4308
4317
4326
4335
4344
4353
4362
4371
4380
4389
4398
4407
4416
4425
4434
4443
4452
4461
4470
4479
4488
4497
4506
4515
4524
4533
4542
4551
4560
4569
4578
4587
4596
4605
4614
4623
4632
4641
4649
4658
4667
4676
4685
4694
4703
4712
4721
4730
4739
4748
4757
4766
4775
4784
4793
4802
4811
4820
4829
4838
4847
4856
4865
4874
4883
4892
4901
4910
4919
4928
4937
4946
4955
4964
4973
4982
4991
5000
5009
5018
5027
5036
5045
5054
5063
5072
5081
5090
5099
5108
5117
5126
5135
5144
5153
5162
5171
5180
5189
5198
5207
5216
5225
5234
5243
5252
5261
5270
5279
5288
5297
5306
5315
5324
5333
5342
5351
5360
5369
5378
5387
5396
5405
5414
5423
5432
5441
5450
5459
5468
5477
5486
5495
5504
5513
5522
5531
5540
5549
5558
5567
5576
5585
5594
5603
5612
5621
5630
5639
5648
5657
5666
5675
5684
5693
5702
5711
5720
5729
5738
5747
5756
5765
5774
5783
5792
5801
5810
5819
5828
5837
5846
5855
5864
5873
5882
5891
5900
5909
5918
5927
5936
5945
5954
5963
5972
5981
5990
5999
6008
6017
6026
6035
6044
6053
6062
6071
6080
6089
6098
6107
6116
6125
6134
6143
6152
6161
6170
6179
6188
6197
6206
6215
6224
6233
6242
6251
6260
6269
6278
6287
6296
6305
6314
6323
6332
6341
6350
6359
6368
6377
6386
6395
6404
6413
6422
6431
6440
6449
6458
6467
6476
6485
6494
6503
6512
6521
6530
6539
6548
6557
6566
6575
6584
6593
6602
6611
6620
6629
6638
6647
6656
6665
6674
6683
6692
6701
6710
6719
6728
6737
6746
6755
6764
6773
6782
6791
6800
6809
6818
6827
6836
6845
6854
6863
6872
6881
6890
6899
6908
6917
6926
6935
6944
6953
6962
6971
6980
6989
6998
7007
7016
7025
7034
7043
7052
7061
7070
7079
7088
7097
7106
7115
7124
7133
7142
7151
7160
7169
7178
7187
7196
7205
7214
7223
7232
7241
7250
7259
7268
7277
7286
7295
7304
7313
7322
7331
7340
7349
7358
7367
7376
7385
7394
7403
7412
7421
7430
7439
7448
7457
7466
7475
7484
7493
7502
7511
7520
7529
7538
7547
7556
7565
7574
7583
7592
7601
7610
7619
7628
7637
7646
7655
7664
7673
7682
7691
7700
7709
7718
7727
7736
7745
7754
7763
7772
7781
7790
7799
7808
7817
7826
7835
7844
7853
7862
7871
7880
7889
7898
7907
7916
7925
7934
7943
7952
7961
7970
7979
7988
7997
8006
8015
8024
8033
8042
8051
8060
8069
8078
8087
8096
8105
8114
8123
8132
8141
8150
8159
8168
8177
8186
8195
8204
8213
8222
8231
8240
8249
8258
8267
8276
8285
8294
8303
8312
8321
8330
8339
8348
8357
8366
8375
8384
8393
8402
8411
8420
8429
8438
8447
8456
8465
8474
8483
8492
8501
8510
8519
8528
8537
8546
8555
8564
8573
8582
8591
8600
8609
8618
8627
8636
8645
8654
8663
8672
8681
8690
8699
8708
8717
8726
8735
8744
8753
8762
8771
8780
8789
8798
8807
8816
8825
8834
8843
8852
8861
8870
8879
8888
8897
8906
8915
8924
8933
8942
8951
8960
8969
8978
8987
8996
9005
9014
9023
9032
9041
9050
9059
9068
9077
9086
9095
9104
9113
9122
9131
9140
9149
9158
9167
9176
9185
9194
9203
9212
9221
9230
9239
9249
9258
9267
9276
9285
9294
9303
9312
9321
9330
9339
9348
9357
9366
9375
9384
9393
9402
9411
9420
9429
9438
9447
9456
9465
9474
9483
9492
9501
9510
9519
9528
9537
9546
9555
9564
9573
9582
9591
9600
9609
9618
9627
9636
9645
9654
9663
9672
9681
9690
9699
9708
9717
9726
9735
9744
9753
9762
9771
9780
9789
9798
9807
9816
9825
9834
9843
9852
9861
9870
9879
9888
9897
9906
9915
9924
9933
9942
9951
9960
9969
9978
9987
9996
10005
10014
10023
10032
10041
10050
10059
10068
10077
10086
10095
10104
10113
10122
10131
10140
10149
10158
10167
10176
10185
10194
10203
10212
10221
10230
10239
10248
10257
10266
10275
10284
10293
10302
10311
10320
10329
10338
10347
10356
10365
10374
10383
10392
10401
10410
10419
10428
10437
10446
10455
10464
10473
10482
10491
10500
10509
10518
10527
10536
10545
10554
10563
10572
10581
10590
10599
10608
10617
10626
10635
10644
10653
10662
10671
10680
10689
10698
10707
10716
10725
10734
10743
10752
10761
10770
10779
10788
10797
10806
10815
10824
10833
10842
10851
10860
10869
10878
10887
10896
10905
10914
10923
10932
10941
10950
10959
10968
10977
10986
10995
11004
11013
11022
11031
11040
11049
11058
11067
11076
11085
11094
11103
11112
11121
11130
11139
11148
11157
11166
11175
11184
11193
11202
11211
11220
11229
11238
11247
11256
11265
11274
11283
11292
11301
11310
11319
11328
11337
11346
11355
11364
11373
11382
11391
11400
11409
11418
11427
11436
11445
11454
11463
11472
11481
11490
11499
11508
11517
11526
11535
11544
11553
11562
11571
11580
11589
11598
11607
11616
11625
11634
11643
11652
11661
11670
11679
11688
11697
11706
11715
11724
11733
11742
11751
11760
11769
11778
11787
11796
11805
11814
11823
11832
11841
11850
11859
11868
11877
11886
11895
11904
11913
11922
11931
11940
11949
11958
11967
11976
11985
11994
12003
12012
12021
12030
12039
12048
12057
12066
12075
12084
12093
12102
12111
12120
12129
12138
12147
12156
12165
12174
12183
12192
12201
12210
12219
12228
12237
12246
12255
12264
12273
12282
12291
12300
12309
12318
12327
12336
12345
12354
12363
12372
12381
12390
12399
12408
12417
12426
12435
12444
12453
12462
12471
12480
12489
12498
12507
12516
12525
12534
12543
12552
12561
12570
12579
12588
12597
12606
12615
12624
12633
12642
12651
12660
12669
12678
12687
12696
12705
12714
12723
12732
12741
12750
12759
12768
12777
12786
12795
12804
12813
12822
12831
12840
12849
12858
12867
12876
12885
12894
12903
12912
12921
12930
12939
12948
12957
12966
12975
12984
12993
13002
13011
13020
13029
13038
13047
13056
13065
13074
13083
13092
13101
13110
13119
13128
13137
13146
13155
13164
13173
13182
13191
13200
13209
13218
13227
13236
13245
13254
13263
13272
13281
13290
13299
13308
13317
13326
13335
13344
13353
13362
13371
13380
13389
13398
13407
13416
13425
13434
13443
13452
13461
13470
13479
13488
13497
13506
13515
13524
13533
13542
13551
13560
13569
13578
13587
13596
13605
13614
13623
13632
13641
13650
13659
13668
13677
13686
13695
13704
13713
13722
13731
13740
13749
