2243
3908
6243
9298
13107
17692
23087
29342
36569
44658
53773
63984
75253
87522
101105
115944
131917
149138
167809
187796
209225
232054
256409
282530
309905
339248
370069
402458
436761
472776
510353
550398
592085
635700
681429
729098
778833
830940
884933
941688
1000185
1060978
1124153
1189784
1257881
1328226
1400897
1476456
1554949
1635742
1719181
1805556
1894149
1986022
2080477
2178234
2278601
2382088
2488361
2597950
2710546
2825845
2941806
3066643
3192494
3321013
3453022
3588355
3727162
3869585
4015210
4166658
4319988
4476670
4636822
4800738
4967964
5139878
5314702
5495042
5678604
5865714
6056786
6251894
6451564
6655662
6862826
7076060
7292072
7512636
7737514
7967100
8200984
8439248
8679502
8929392
9181712
9437692
9699527
