240
247
254
261
268
275
282
289
296
304
311
318
325
332
339
346
353
360
367
374
381
388
395
402
409
416
423
430
437
444
451
458
465
472
479
486
493
500
507
514
521
528
535
542
549
556
563
570
577
584
591
598
605
612
619
626
633
640
647
654
661
668
675
682
689
696
703
710
717
724
731
738
745
752
759
766
773
780
787
794
801
808
815
822
829
836
843
850
857
864
871
878
885
892
899
906
913
920
927
935
942
949
956
963
970
977
984
991
998
1005
1012
1019
1026
1033
1040
1047
1054
1061
1068
1075
1082
1089
1096
1103
1110
1117
1124
1131
1138
1145
1152
1159
1166
1173
1180
1187
1194
1201
1208
1215
1222
1229
1236
1243
1250
1257
1264
1271
1278
1285
1292
1299
1306
1313
1320
1327
1334
1341
1348
1355
1362
1369
1376
1383
1390
1397
1404
1411
1418
1425
1432
1439
1446
1453
1460
1467
1474
1481
1488
1495
1502
1509
1516
1523
1530
1537
1544
1551
1558
1565
1572
1579
1586
1593
1600
1607
1614
1621
1628
1635
1642
1649
1656
1663
1670
1677
1684
1691
1698
1705
1712
1719
1726
1733
1740
1747
1754
1761
1768
1775
1782
1789
1796
1803
1810
1817
1824
1831
1838
1845
1852
1859
1866
1873
1880
1887
1894
1901
1908
1915
1922
1929
1936
1943
1950
1957
1964
1971
1978
1985
1992
1999
2006
2013
2020
2027
2034
2041
2048
2055
2062
2069
2076
2083
2090
2097
2104
2111
2118
2125
2132
2139
2146
2153
2160
2167
2174
2181
2188
2195
2202
2209
2216
2223
2230
2237
2244
2251
2258
2265
2272
2279
2286
2293
2300
2307
2314
2321
2328
2335
2342
2349
2356
2363
2370
2377
2384
2391
2398
2405
2412
2419
2426
2433
2440
2447
2454
2461
2468
2475
2482
2489
2496
2503
2510
2517
2524
2531
2538
2545
2552
2559
2566
2573
2580
2587
2594
2601
2608
2615
2622
2629
2636
2643
2650
2657
2664
2671
2678
2685
2692
2699
2706
2713
2720
2727
2734
2741
2748
2755
2762
2769
2776
2783
2790
2797
2804
2811
2818
2825
2832
2839
2846
2853
2860
2867
2874
2881
2888
2895
2902
2909
2916
2923
2930
2937
2944
2951
2958
2965
2972
2979
2986
2993
3000
3007
3014
3021
3028
3035
3042
3049
3056
3063
3070
3077
3084
3091
3098
3105
3112
3119
3126
3133
3140
3147
3154
3161
3168
3175
3182
3189
3196
3203
3210
3217
3224
3231
3238
3245
3252
3259
3266
3273
3280
3287
3294
3301
3308
3315
3322
3329
3336
3343
3350
3357
3364
3371
3378
3385
3392
3399
3406
3413
3420
3427
3434
3441
3448
3455
3462
3469
3476
3483
3490
3497
3504
3511
3518
3525
3532
3539
3546
3553
3560
3567
3574
3581
3588
3595
3602
3609
3616
3623
3630
3637
3644
3651
3657
3664
3671
3678
3685
3692
3699
3706
3713
3720
3727
3734
3741
3748
3755
3762
3769
3776
3783
3790
3797
3804
3811
3818
3825
3832
3839
3846
3853
3860
3867
3874
3881
3888
3895
3902
3909
3916
3923
3930
3937
3944
3951
3958
3965
3972
3979
3986
3993
4000
4007
4014
4021
4028
4035
4042
4049
4056
4063
4070
4077
4084
4091
4098
4105
4112
4119
4126
4133
4140
4147
4154
4161
4168
4175
4182
4189
4196
4203
4210
4217
4224
4231
4238
4245
4252
4259
4266
4273
4280
4287
4294
4301
4308
4315
4322
4329
4336
4343
4350
4357
4364
4371
4378
4385
4392
4399
4406
4413
4420
4427
4434
4441
4448
4455
4462
4469
4476
4483
4490
4497
4504
4511
4518
4525
4532
4539
4546
4553
4560
4567
4574
4581
4588
4595
4602
4609
4616
4623
4630
4637
4644
4651
4658
4665
4672
4679
4686
4693
4700
4707
4714
4721
4728
4735
4742
4749
4756
4763
4770
4777
4784
4791
4798
4805
4812
4819
4826
4833
4840
4847
4854
4861
4868
4875
4882
4889
4896
4903
4910
4917
4924
4931
4938
4945
4952
4959
4966
4973
4980
4987
4994
5001
5008
5015
5022
5029
5036
5043
5050
5057
5064
5071
5078
5085
5092
5099
5106
5113
5120
5127
5134
5141
5148
5155
5162
5169
5176
5183
5190
5197
5204
5211
5218
5225
5232
5239
5246
5253
5260
5267
5274
5281
5288
5295
5302
5309
5316
5323
5330
5337
5344
5351
5358
5365
5372
5379
5386
5393
5400
5407
5414
5421
5428
5435
5442
5449
5456
5463
5470
5477
5484
5491
5498
5505
5512
5519
5526
5533
5540
5547
5554
5561
5568
5575
5582
5589
5596
5603
5610
5617
5624
5631
5638
5645
5652
5659
5666
5673
5680
5687
5694
5701
5708
5715
5722
5729
5736
5743
5750
5757
5764
5771
5778
5785
5792
5799
5806
5813
5820
5827
5834
5841
5848
5855
5862
5869
5876
5883
5890
5897
5904
5911
5918
5925
5932
5939
5946
5953
5960
5967
5974
5981
5988
5995
6002
6009
6016
6023
6030
6037
6044
6051
6058
6065
6072
6079
6086
6093
6100
6107
6114
6121
6128
6135
6142
6149
6156
6163
6170
6177
6184
6191
6198
6205
6212
6219
6226
6233
6240
6247
6254
6261
6268
6275
6282
6289
6296
6303
6310
6317
6324
6331
6338
6345
6352
6359
6366
6373
6380
6387
6394
6401
6408
6415
6422
6429
6436
6443
6450
6457
6464
6471
6478
6485
6492
6499
6506
6513
6520
6527
6534
6541
6548
6555
6562
6569
6576
6583
6590
6597
6604
6611
6618
6625
6632
6639
6646
6653
6660
6667
6674
6681
6688
6695
6702
6709
6716
6723
6730
6737
6744
6751
6758
6765
6772
6779
6786
6793
6800
6807
6814
6821
6828
6835
6842
6849
6856
6863
6870
6877
6884
6891
6898
6905
6912
6919
6926
6933
6940
6947
6954
6961
6968
6975
6982
6989
6996
7003
7010
7017
7024
7031
7038
7045
7052
7059
7066
7073
7080
7087
7094
7101
7108
7115
7122
7129
7136
7143
7150
7157
7164
7171
7178
7185
7192
7199
7206
7213
7220
7227
7235
7242
7249
7256
7263
7270
7277
7284
7291
7298
7305
7312
7319
7326
7333
7340
7347
7354
7361
7368
7375
7382
7389
7396
7403
7410
7417
7424
7431
7438
7445
7452
7459
7466
7473
7480
7487
7494
7501
7508
7515
7522
7529
7536
7543
7550
7557
7564
7571
7578
7585
7592
7599
7606
7613
7620
7627
7634
7641
7648
7655
7662
7669
7676
7683
7690
7697
7704
7711
7718
7725
7732
7739
7746
7753
7760
7767
7774
7781
7788
7795
7802
7809
7816
7823
7830
7837
7844
7851
7858
7865
7872
7879
7886
7893
7900
7907
7914
7921
7928
7935
7942
7949
7956
7963
7970
7977
7984
7991
7998
8005
8012
8019
8026
8033
8040
8047
8054
8061
8068
8075
8082
8089
8096
8103
8110
8117
8124
8131
8138
8145
8152
8159
8166
8173
8180
8187
8194
8201
8208
8215
8222
8229
8236
8243
8250
8257
8264
8271
8278
8285
8292
8299
8306
8313
8320
8327
8334
8341
8348
8355
8362
8369
8376
8383
8390
8397
8404
8411
8418
8425
8432
8439
8446
8453
8460
8467
8474
8481
8488
8495
8502
8509
8516
8523
8530
8537
8544
8551
8558
8565
8572
8579
8586
8593
8600
8607
8614
8621
8628
8635
8642
8649
8656
8663
8670
8677
8684
8691
8698
8705
8712
8719
8726
8733
8740
8747
8754
8761
8768
8775
8782
8789
8796
8803
8810
8817
8824
8831
8838
8845
8852
8859
8866
8873
8880
8887
8894
8901
8908
8915
8922
8929
8936
8943
8950
8957
8964
8971
8978
8985
8992
8999
9006
9013
9020
9027
9034
9041
9048
9055
9062
9069
9076
9083
9090
9097
9104
9111
9118
9125
9132
9139
9146
9153
9160
9167
9174
9181
9188
9195
9202
9209
9216
9223
9230
9237
9244
9251
9258
9265
9272
9279
9286
9293
9300
9307
9314
9321
9328
9335
9342
9349
9356
9363
9370
9377
9384
9391
9398
9405
9412
9419
9426
9433
9440
9447
9454
9461
9468
9475
9482
9489
9496
9503
9510
9517
9524
9531
9538
9545
9552
9559
9566
9573
9580
9587
9594
9601
9608
9615
9622
9629
9636
9643
9650
9657
9664
9671
9678
9685
9692
9699
9706
9713
9720
9727
9734
9741
9748
9755
9762
9769
9776
9783
9790
9797
9804
9811
9818
9825
9832
9839
9846
9853
9860
9867
9874
9881
9888
9895
9902
9909
9916
9923
9930
9937
9944
9951
9958
9965
9972
9979
9986
9993
10000
10007
10014
10021
10028
10035
10042
10049
10056
10063
10070
10077
10084
10091
10098
10105
10112
10119
10126
10133
10140
10147
10154
10161
10168
10175
10182
10189
10196
10203
10210
10217
10224
10231
10238
10245
10252
10259
10266
10273
10280
10287
10294
10301
10308
10315
10322
10329
10336
10343
10350
10357
10364
10371
10378
10385
10392
10399
10406
10413
10420
10427
10434
10441
10448
10455
10462
10469
10476
10483
10490
10497
10504
10511
10518
10525
10532
10539
10546
10553
10560
10567
10574
10581
10588
10595
10602
10609
10616
10623
10630
10637
10644
10651
10658
10665
10672
10679
10686
10693
10700
10707
10714
10721
10728
10735
