2351
3962
6121
8856
12207
16038
20589
25556
31205
37340
44031
51230
58941
67204
75911
85634
95473
105900
117363
129090
141517
154676
168055
182264
196761
211922
227611
243616
260597
277414
295403
314392
333145
352754
373083
393724
415161
437078
459667
482898
506505
530620
555319
580242
605541
632584
659399
686966
715045
743536
773039
802762
833101
863576
895479
927928
960397
993298
1026963
1061144
1096158
1131243
1167472
1204033
1240910
1278551
1316936
1355517
1394790
1434891
1475324
1518132
1560484
1601940
1644580
1688240
1731900
1776300
1821376
1866900
1913024
1959596
2006840
2055088
2103156
2151828
2201480
2252098
2302928
2353706
2405620
2457642
2510640
2564426
2618136
2672510
2727968
2783478
2839689
