279
305
331
357
383
409
435
461
487
514
540
566
592
618
644
670
696
722
748
774
800
826
852
878
904
930
956
982
1008
1034
1060
1086
1112
1138
1164
1190
1216
1242
1268
1294
1320
1346
1372
1398
1424
1450
1476
1502
1528
1554
1580
1606
1632
1658
1684
1710
1736
1762
1788
1814
1840
1866
1892
1918
1944
1970
1996
2022
2048
2074
2100
2126
2152
2178
2204
2230
2256
2282
2308
2334
2360
2386
2412
2438
2464
2490
2516
2542
2568
2594
2620
2646
2672
2698
2724
2750
2776
2802
2828
2855
2881
2907
2933
2959
2985
3011
3037
3063
3089
3115
3141
3167
3193
3219
3245
3271
3297
3323
3349
3375
3401
3427
3453
3479
3505
3531
3557
3583
3609
3635
3661
3687
3713
3739
3765
3791
3817
3843
3869
3895
3921
3947
3973
3999
4025
4051
4077
4103
4129
4155
4181
4207
4233
4259
4285
4311
4337
4363
4389
4415
4441
4467
4493
4519
4545
4571
4597
4623
4649
4675
4701
4727
4753
4779
4805
4831
4857
4883
4909
4935
4961
4987
5013
5039
5065
5091
5117
5143
5169
5195
5221
5247
5273
5299
5325
5351
5377
5403
5429
5455
5481
5507
5533
5559
5585
5611
5637
5663
5689
5715
5741
5767
5793
5819
5845
5871
5897
5923
5949
5975
6001
6027
6053
6079
6105
6131
6157
6183
6209
6235
6261
6287
6313
6339
6365
6391
6417
6443
6469
6495
6521
6547
6573
6599
6625
6651
6677
6703
6729
6755
6781
6807
6833
6859
6885
6911
6937
6963
6989
7015
7041
7067
7093
7119
7145
7171
7197
7223
7249
7275
7301
7327
7353
7379
7405
7431
7457
7483
7509
7535
7561
7587
7613
7639
7665
7691
7717
7743
7769
7795
7821
7847
7873
7899
7925
7951
7977
8003
8029
8055
8081
8107
8133
8159
8185
8211
8237
8263
8289
8315
8341
8367
8393
8419
8445
8471
8497
8523
8549
8575
8601
8627
8653
8679
8705
8731
8757
8783
8809
8835
8861
8887
8913
8939
8965
8991
9017
9043
9069
9095
9121
9147
9173
9199
9225
9251
9277
9303
9329
9355
9381
9407
9433
9459
9485
9511
9537
9563
9589
9615
9641
9667
9693
9719
9745
9771
9797
9823
9849
9875
9901
9927
9953
9979
10005
10031
10057
10083
10109
10135
10161
10187
10213
10239
10265
10291
10317
10343
10369
10395
10421
10447
10473
10499
10525
10551
10577
10603
10629
10655
10681
10707
10733
10759
10785
10811
10837
10863
10889
10915
10941
10967
10993
11019
11045
11071
11097
11123
11149
11175
11201
11227
11253
11279
11305
11331
11357
11383
11409
11435
11461
11487
11513
11539
11565
11591
11617
11643
11669
11695
11721
11747
11773
11799
11825
11851
11877
11903
11929
11955
11981
12007
12033
12059
12085
12111
12137
12163
12189
12215
12241
12267
12293
12319
12345
12371
12397
12423
12449
12475
12501
12527
12553
12579
12605
12631
12657
12683
12709
12735
12761
12787
12813
12839
12865
12891
12917
12943
12968
12994
13020
13046
13072
13098
13124
13150
13176
13202
13228
13254
13280
13306
13332
13358
13384
13410
13436
13462
13488
13514
13540
13566
13592
13618
13644
13670
13696
13722
13748
13774
13800
13826
13852
13878
13904
13930
13956
13982
14008
14034
14060
14086
14112
14138
14164
14190
14216
14242
14268
14294
14320
14346
14372
14398
14424
14450
14476
14502
14528
14554
14580
14606
14632
14658
14684
14710
14736
14762
14788
14814
14840
14866
14892
14918
14944
14970
14996
15022
15048
15074
15100
15126
15152
15178
15204
15230
15256
15282
15308
15334
15360
15386
15412
15438
15464
15490
15516
15542
15568
15594
15620
15646
15672
15698
15724
15750
15776
15802
15828
15854
15880
15906
15932
15958
15984
16010
16036
16062
16088
16114
16140
16166
16192
16218
16244
16270
16296
16322
16348
16374
16400
16426
16452
16478
16504
16530
16556
16582
16608
16634
16660
16686
16712
16738
16764
16790
16816
16842
16868
16894
16920
16946
16972
16998
17024
17050
17076
17102
17128
17154
17180
17206
17232
17258
17284
17310
17336
17362
17388
17414
17440
17466
17492
17518
17544
17570
17596
17622
17648
17674
17700
17726
17752
17778
17804
17830
17856
17882
17908
17934
17960
17986
18012
18038
18064
18090
18116
18142
18168
18194
18220
18246
18272
18298
18324
18350
18376
18402
18428
18454
18480
18506
18532
18558
18584
18610
18636
18662
18688
18714
18740
18766
18792
18818
18844
18870
18896
18922
18948
18974
19000
19026
19052
19078
19104
19130
19156
19182
19208
19234
19260
19286
19312
19338
19364
19390
19416
19442
19468
19494
19520
19546
19572
19598
19624
19650
19676
19702
19728
19754
19780
19806
19832
19858
19884
19910
19936
19962
19988
20014
20040
20066
20092
20118
20144
20170
20196
20222
20248
20274
20300
20326
20352
20378
20404
20430
20456
20482
20508
20534
20560
20586
20612
20638
20664
20690
20716
20742
20768
20794
20820
20846
20872
20898
20924
20950
20976
21002
21028
21054
21080
21106
21132
21158
21184
21210
21236
21262
21288
21314
21340
21366
21392
21418
21444
21470
21496
21522
21548
21574
21600
21626
21652
21678
21704
21730
21756
21782
21808
21834
21860
21886
21912
21938
21964
21990
22016
22042
22068
22094
22120
22146
22172
22198
22224
22250
22276
22302
22328
22354
22380
22406
22432
22458
22484
22510
22536
22562
22588
22614
22640
22666
22692
22718
22744
22770
22796
22822
22848
22874
22900
22926
22952
22978
23004
23030
23056
23082
23108
23134
23160
23186
23212
23238
23264
23290
23316
23342
23368
23394
23420
23446
23472
23498
23524
23550
23576
23602
23628
23654
23680
23706
23732
23758
23784
23810
23836
23862
23888
23914
23940
23966
23992
24018
24044
24070
24096
24122
24148
24174
24200
24226
24252
24278
24304
24330
24356
24382
24408
24434
24460
24486
24512
24538
24564
24590
24616
24642
24668
24694
24720
24746
24772
24798
24824
24850
24876
24902
24928
24954
24980
25006
25032
25058
25084
25110
25136
25162
25188
25214
25240
25266
25292
25318
25344
25370
25396
25422
25448
25474
25500
25526
25552
25578
25604
25630
25656
25682
25708
25734
25760
25786
25812
25838
25864
25890
25916
25942
25968
25994
26020
26046
26072
26098
26124
26150
26176
26202
26228
26255
26281
26307
26333
26359
26385
26411
26437
26463
26489
26515
26541
26567
26593
26619
26645
26671
26697
26723
26749
26775
26801
26827
26853
26879
26905
26931
26957
26983
27009
27035
27061
27087
27113
27139
27165
27191
27217
27243
27269
27295
27321
27347
27373
27399
27425
27451
27477
27503
27529
27555
27581
27607
27633
27659
27685
27711
27737
27763
27789
27815
27841
27867
27893
27919
27945
27971
27997
28023
28049
28075
28101
28127
28153
28179
28205
28231
28257
28283
28309
28335
28361
28387
28413
28439
28465
28491
28517
28543
28569
28595
28621
28647
28673
28699
28725
28751
28777
28803
28829
28855
28881
28907
28933
28959
28985
29011
29037
29063
29089
29115
29141
29167
29193
29219
29245
29271
29297
29323
29349
29375
29401
29427
29453
29479
29505
29531
29557
29583
29609
29635
29661
29687
29713
29739
29765
29791
29817
29843
29869
29895
29921
29947
29973
29999
30025
30051
30077
30103
30129
30155
30181
30207
30233
30259
30285
30311
30337
30363
30389
30415
30441
30467
30493
30519
30545
30571
30597
30623
30649
30675
30701
30727
30753
30779
30805
30831
30857
30883
30909
30935
30961
30987
31013
31039
31065
31091
31117
31143
31169
31195
31221
31247
31273
31299
31325
31351
31377
31403
31429
31455
31481
31507
31533
31559
31585
31611
31637
31663
31689
31715
31741
31767
31793
31819
31845
31871
31897
31923
31949
31975
32001
32027
32053
32079
32105
32131
32157
32183
32209
32235
32261
32287
32313
32339
32365
32391
32417
32443
32469
32495
32521
32547
32573
32599
32625
32651
32677
32703
32729
32755
32781
32807
32833
32859
32885
32911
32937
32963
32989
33015
33041
33067
33093
33119
33145
33171
33197
33223
33249
33275
33301
33327
33353
33379
33405
33431
33457
33483
33509
33535
33561
33587
33613
33639
33665
33691
33717
33743
33769
33795
33821
33847
33873
33899
33925
33951
33977
34003
34029
34055
34081
34107
34133
34159
34185
34211
34237
34263
34289
34315
34341
34367
34393
34419
34445
34471
34497
34523
34549
34575
34601
34627
34653
34679
34705
34731
34757
34783
34809
34835
34861
34887
34913
34939
34965
34991
35017
35043
35069
35095
35121
35147
35173
35199
35225
35251
35277
35303
35329
35355
35381
35407
35433
35459
35485
35511
35537
35563
35589
35615
35641
35667
35693
35719
35745
35771
35797
35823
35849
35875
35901
35927
35953
35979
36005
36031
36057
36083
36109
36135
36161
36187
36213
36239
36265
36291
36317
36343
36369
36395
36421
36447
36473
36499
36525
36551
36577
36603
36629
36655
36681
36707
36733
36759
36785
36811
36837
36863
36889
36915
36941
36967
36993
37019
37045
37071
37097
37123
37149
37175
37201
37227
37253
37279
37305
37331
37357
37383
37409
37435
37461
37487
37513
37539
37565
37591
37617
37643
37669
37695
37721
37747
37773
37799
37825
37851
37877
37903
37929
37955
37981
38007
38033
38059
38085
38111
38137
38163
38189
38215
38241
38267
38293
38319
38345
38371
38397
38423
38449
38475
38501
38527
38553
38579
38605
38631
38657
38683
38709
38735
38761
38787
38813
38839
38865
38891
38917
38943
38969
38995
39021
39047
39073
39099
39125
39151
39177
39203
39229
39255
