926
1342
1876
2522
3298
4198
5240
6418
7772
9252
10898
12704
14688
16844
15606
17674
19916
22326
24954
27730
30704
33870
37246
40978
44786
48810
53068
57554
62286
67258
58152
62724
67538
72588
77892
83444
89262
95372
101728
108604
115528
122736
130246
138052
146172
154600
131098
138846
146872
155202
163854
172822
182124
191754
201730
212422
223102
234134
245536
257302
269447
281971
237545
249045
260923
273173
285813
298837
312263
326117
340353
356977
372106
387623
403578
419965
436802
454083
382226
398171
414562
431393
448682
466423
484634
503341
522498
542699
562832
583453
604580
626207
648352
671009
565172
586181
607736
629767
652325
