403
417
437
450
470
489
509
505
525
551
571
567
587
589
609
591
611
642
662
658
678
680
700
696
716
724
744
740
760
762
782
764
784
821
841
837
857
859
879
875
895
903
923
919
939
941
961
943
963
977
997
993
1013
1015
1035
1031
1051
1059
1079
1075
1095
1097
1117
1099
1119
1162
1182
1178
1198
1200
1220
1216
1236
1244
1264
1260
1280
1282
1302
1284
1304
1318
1338
1334
1354
1356
1376
1372
1392
1400
1420
1416
1436
1438
1458
1440
1460
1480
1500
1497
1517
1519
1539
1535
1555
1563
1583
1579
1599
1601
1621
1603
1623
1637
1657
1653
1673
1675
1695
1691
1711
1719
1739
1735
1755
1757
1777
1759
1779
1828
1848
1844
1864
1866
1886
1882
1902
1910
1930
1926
1946
1948
1968
1950
1970
1984
2004
2000
2020
2022
2042
2038
2058
2066
2086
2082
2102
2104
2124
2106
2126
2146
2166
2162
2182
2184
2204
2200
2220
2228
2248
2244
2264
2266
2286
2268
2288
2302
2322
2318
2338
2340
2360
2356
2376
2384
2404
2400
2420
2422
2442
2424
2444
2470
2490
2486
2506
2508
2528
2524
2544
2552
2572
2568
2588
2590
2610
2592
2612
2626
2646
2642
2662
2664
2684
2680
2700
2708
2728
2724
2744
2746
2766
2748
2768
2788
2808
2804
2824
2826
2846
2842
2862
2870
2890
2886
2906
2908
2928
2910
2930
2944
2964
2960
2980
2982
3002
2998
3018
3026
3046
3042
3062
3064
3084
3066
3086
3141
3161
3157
3177
3179
3199
3195
3215
3223
3243
3239
3259
3261
3281
3263
3283
3297
3317
3313
3333
3335
3355
3351
3371
3379
3399
3395
3415
3417
3437
3419
3439
3459
3479
3475
3495
3497
3517
3513
3533
3541
3561
3557
3577
3579
3599
3581
3601
3615
3635
3631
3651
3653
3673
3669
3689
3697
3717
3713
3733
3735
3755
3737
3757
3783
3803
3799
3819
3821
3841
3837
3857
3865
3885
3881
3901
3903
3923
3905
3925
3939
3959
3955
3975
3977
3997
3993
4013
4021
4041
4037
4057
4059
4079
4061
4081
4101
4121
4117
4137
4139
4159
4155
4175
4183
4203
4199
4219
4221
4241
4223
4243
4257
4277
4273
4293
4295
4315
4311
4331
4339
4359
4355
4375
4377
4397
4379
4399
4431
4451
4447
4467
4469
4489
4485
4505
4513
4533
4529
4549
4551
4571
4553
4573
4587
4607
4603
4623
4625
4645
4641
4661
4669
4689
4685
4705
4707
4727
4709
4729
4749
4769
4765
4785
4787
4807
4803
4823
4831
4851
4847
4867
4869
4889
4871
4891
4905
4925
4921
4941
4943
4963
4959
4979
4987
5007
5003
5023
5025
5045
5027
5047
5073
5093
5089
5109
5111
5131
5127
5147
5155
5175
5171
5191
5193
5213
5195
5215
5229
5249
5245
5265
5267
5287
5283
5303
5311
5331
5327
5347
5349
5369
5351
5371
5391
5411
5407
5427
5429
5449
5445
5464
5472
5492
5488
5508
5510
5530
5512
5532
5546
5566
5562
5582
5584
5604
5600
5620
5628
5648
5644
5664
5666
5686
5668
5688
5749
5769
5765
5785
5787
5807
5803
5823
5831
5851
5847
5867
5869
5889
5871
5891
5905
5925
5921
5941
5943
5963
5959
5979
5987
6007
6003
6023
6025
6045
6027
6047
6067
6087
6083
6103
6105
6125
6121
6141
6149
6169
6165
6185
6187
6207
6189
6209
6223
6243
6239
6259
6261
6281
6277
6297
6305
6325
6321
6341
6343
6363
6345
6365
6391
6411
6407
6427
6429
6449
6445
6465
6473
6493
6489
6509
6511
6531
6513
6533
6547
6567
6563
6583
6585
6605
6601
6621
6629
6649
6645
6665
6667
6687
6669
6689
6709
6729
6725
6745
6747
6767
6763
6783
6791
6811
6807
6827
6829
6849
6831
6851
6865
6885
6881
6901
6903
6923
6919
6939
6947
6967
6963
6983
6985
7005
6987
7007
7039
7059
7055
7075
7077
7097
7093
7113
7121
7141
7137
7157
7159
7179
7161
7181
7195
7215
7211
7231
7233
7253
7249
7269
7277
7297
7293
7313
7315
7335
7317
7337
7357
7377
7373
7393
7395
7415
7411
7431
7439
7459
7455
7475
7477
7497
7479
7499
7513
7533
7529
7549
7551
7571
7567
7587
7595
7615
7611
7631
7633
7653
7635
7655
7681
7701
7697
7717
7719
7739
7735
7755
7763
7783
7779
7799
7801
7821
7803
7823
7837
7857
7853
7873
7875
7895
7891
7911
7919
7939
7935
7955
7957
7977
7959
7979
7999
8019
8015
8035
8037
8057
8053
8073
8081
8101
8097
8117
8119
8139
8121
8141
8155
8175
8171
8191
8193
8213
8209
8229
8237
8257
8253
8273
8275
8295
8277
8297
8335
8355
8351
8371
8373
8393
8389
8409
8417
8437
8433
8453
8455
8475
8457
8477
8491
8511
8507
8527
8529
8549
8545
8565
8573
8593
8589
8609
8611
8631
8613
8633
8653
8673
8669
8689
8691
8711
8707
8727
8735
8755
8751
8771
8773
8793
8775
8795
8809
8829
8825
8845
8847
8867
8863
8883
8891
8911
8907
8927
8929
8949
8931
8951
8977
8997
8993
9013
9015
9035
9031
9051
9059
9079
9075
9095
9097
9117
9099
9119
9133
9153
9149
9169
9171
9191
9187
9207
9215
9235
9231
9251
9253
9273
9255
9275
9295
9315
9311
9331
9333
9353
9349
9369
9377
9397
9393
9413
9415
9435
9417
9437
9451
9471
9467
9487
9489
9509
9505
9525
9533
9553
9549
9569
9571
9591
9573
9593
9625
9645
9641
9661
9663
9683
9679
9699
9707
9727
9723
9743
9745
9765
9747
9767
9781
9801
9797
9817
9819
9839
9835
9855
9863
9883
9879
9899
9901
9921
9903
9923
9943
9963
9959
9979
9981
10001
9997
10017
10025
10045
10041
10061
10063
10083
10065
10085
10099
10119
10115
10135
10137
10157
10153
10173
10181
10201
10197
10217
10219
10239
10221
10241
10267
10287
10283
10303
10305
10325
10321
10341
10349
10369
10365
10385
10387
10407
10389
10409
10423
10443
10439
10459
10461
10481
10477
10497
10505
10525
10521
10541
10543
10563
10545
10565
10585
10605
10601
10621
10623
10643
10640
10660
10668
10688
10684
10704
10706
10726
10708
10728
10742
10762
10758
10778
10780
10800
10796
10816
10824
10844
10840
10860
10862
10882
10864
10884
10951
10971
10967
10987
10989
11009
11005
11025
11033
11053
11049
11069
11071
11091
11073
11093
11107
11127
11123
11143
11145
11165
11161
11181
11189
11209
11205
11225
11227
11247
11229
11249
11269
11289
11285
11305
11307
11327
11323
11343
11351
11371
11367
11387
11389
11409
11391
11411
11425
11445
11441
11461
11463
11483
11479
11499
11507
11527
11523
11543
11545
11565
11547
11567
11593
11613
11609
11629
11631
11651
11647
11667
11675
11695
11691
11711
11713
11733
11715
11735
11749
11769
11765
11785
11787
11807
11803
11823
11831
11851
11847
11867
11869
11889
11871
11891
11911
11931
11927
11947
11949
11969
11965
11985
11993
12013
12009
12029
12031
12051
12033
12053
12067
12087
12083
12103
12105
12125
12121
12141
12149
12169
12165
12185
12187
12207
12189
12209
12241
12261
12257
12277
12279
12299
12295
12315
12323
12343
12339
12359
12361
12381
12363
12383
12397
12417
12413
12433
12435
12455
12451
12471
12479
12499
12495
12515
12517
12537
12519
12539
12559
12579
12575
12595
12597
12617
12613
12633
12641
12661
12657
12677
12679
12699
12681
12701
12715
12735
12731
12751
12753
12773
12769
12789
12797
12817
12813
12833
12835
12855
12837
12857
12883
12903
12899
12919
12921
12941
12937
12957
12965
12985
12981
13001
13003
13023
13005
13025
13039
13059
13055
13075
13077
13097
13093
13113
13121
13141
13137
13157
13159
13179
13161
13181
13201
13221
13217
13237
13239
13259
13255
13275
13283
13303
13299
13319
13321
13341
13323
13343
13357
13377
13373
13393
13395
13415
13411
13431
13439
13459
13455
13475
13477
13497
13479
13499
13537
13557
13553
13573
13575
13595
13591
13611
13619
13639
13635
13655
13657
13677
13659
13679
13693
13713
13709
13729
13731
13751
13747
13767
13775
13795
13791
13811
13813
13833
13815
13835
13855
13875
13871
13891
13893
13913
13909
13929
13937
13957
13953
13973
13975
13995
13977
13997
14011
14031
14027
14047
14049
14069
14065
14085
14093
14113
14109
14129
14131
14151
14133
14153
14179
14199
14195
14215
14217
14237
14233
14253
14261
14281
14277
14297
14299
14319
14301
14321
14335
14355
14351
14371
14373
14393
14389
14409
14417
14437
14433
14453
14455
14475
14457
14477
14497
14517
14513
14533
14535
14555
14551
14571
14579
14599
14595
14615
14617
14637
14619
14639
14653
14673
14669
14689
14691
14711
14707
14727
14735
14755
14751
14771
14773
14793
14775
14795
14827
14847
14843
14863
14865
14885
14881
14901
14909
14929
14925
14945
14947
14967
14949
14969
14983
15003
14999
15019
15021
15041
15037
15057
15065
15085
15081
15101
15103
15123
15105
15125
15145
15165
15161
15181
15183
15203
15199
15219
15227
15247
15243
15263
15265
15285
15267
15287
15301
15321
15317
15337
15339
15359
15355
15375
15383
15403
15399
15419
15421
15441
15423
15443
15469
15489
15485
15505
15507
15527
15523
15543
15551
15571
15567
15587
15589
15609
15591
15611
15625
15645
15641
15661
15663
15683
15679
15699
15707
15727
15723
