267
285
303
321
339
357
375
393
411
430
448
466
484
502
520
538
556
574
592
610
628
646
664
682
700
718
736
754
772
790
808
826
844
862
880
898
916
934
952
970
988
1006
1024
1042
1060
1078
1096
1114
1132
1150
1168
1186
1204
1222
1240
1258
1276
1294
1312
1330
1348
1366
1384
1402
1420
1438
1456
1474
1492
1510
1528
1546
1564
1582
1600
1618
1636
1654
1672
1690
1708
1726
1744
1762
1780
1798
1816
1834
1852
1870
1888
1906
1924
1942
1960
1978
1996
2014
2032
2051
2069
2087
2105
2123
2141
2159
2177
2195
2213
2231
2249
2267
2285
2303
2321
2339
2357
2375
2393
2411
2429
2447
2465
2483
2501
2519
2537
2555
2573
2591
2609
2627
2645
2663
2681
2699
2717
2735
2753
2771
2789
2807
2825
2843
2861
2879
2897
2915
2933
2951
2969
2987
3005
3023
3041
3059
3077
3095
3113
3131
3149
3167
3185
3203
3221
3239
3257
3275
3293
3311
3329
3347
3365
3383
3401
3419
3437
3455
3473
3491
3509
3527
3545
3563
3581
3599
3617
3635
3653
3671
3689
3707
3725
3743
3761
3779
3797
3815
3833
3851
3869
3887
3905
3923
3941
3959
3977
3995
4013
4031
4049
4067
4085
4103
4121
4139
4157
4175
4193
4211
4229
4247
4265
4283
4301
4319
4337
4355
4373
4391
4409
4427
4445
4463
4481
4499
4517
4535
4553
4571
4589
4607
4625
4643
4661
4679
4697
4715
4733
4751
4769
4787
4805
4823
4841
4859
4877
4895
4913
4931
4949
4967
4985
5003
5021
5039
5057
5075
5093
5111
5129
5147
5165
5183
5201
5219
5237
5255
5273
5291
5309
5327
5345
5363
5381
5399
5417
5435
5453
5471
5489
5507
5525
5543
5561
5579
5597
5615
5633
5651
5669
5687
5705
5723
5741
5759
5777
5795
5813
5831
5849
5867
5885
5903
5921
5939
5957
5975
5993
6011
6029
6047
6065
6083
6101
6119
6137
6155
6173
6191
6209
6227
6245
6263
6281
6299
6317
6335
6353
6371
6389
6407
6425
6443
6461
6479
6497
6515
6533
6551
6569
6587
6605
6623
6641
6659
6677
6695
6713
6731
6749
6767
6785
6803
6821
6839
6857
6875
6893
6911
6929
6947
6965
6983
7001
7019
7037
7055
7073
7091
7109
7127
7145
7163
7181
7199
7217
7235
7253
7271
7289
7307
7325
7343
7361
7379
7397
7415
7433
7451
7469
7487
7505
7523
7541
7559
7577
7595
7613
7631
7649
7667
7685
7703
7721
7739
7757
7775
7793
7811
7829
7847
7865
7883
7901
7919
7937
7955
7973
7991
8009
8027
8045
8063
8081
8099
8117
8135
8153
8171
8189
8207
8225
8243
8261
8279
8297
8315
8333
8351
8369
8387
8405
8423
8441
8459
8477
8495
8513
8531
8549
8567
8585
8603
8621
8639
8657
8675
8693
8711
8729
8747
8765
8783
8801
8819
8837
8855
8873
8891
8909
8927
8945
8963
8981
8999
9017
9035
9052
9070
9088
9106
9124
9142
9160
9178
9196
9214
9232
9250
9268
9286
9304
9322
9340
9358
9376
9394
9412
9430
9448
9466
9484
9502
9520
9538
9556
9574
9592
9610
9628
9646
9664
9682
9700
9718
9736
9754
9772
9790
9808
9826
9844
9862
9880
9898
9916
9934
9952
9970
9988
10006
10024
10042
10060
10078
10096
10114
10132
10150
10168
10186
10204
10222
10240
10258
10276
10294
10312
10330
10348
10366
10384
10402
10420
10438
10456
10474
10492
10510
10528
10546
10564
10582
10600
10618
10636
10654
10672
10690
10708
10726
10744
10762
10780
10798
10816
10834
10852
10870
10888
10906
10924
10942
10960
10978
10996
11014
11032
11050
11068
11086
11104
11122
11140
11158
11176
11194
11212
11230
11248
11266
11284
11302
11320
11338
11356
11374
11392
11410
11428
11446
11464
11482
11500
11518
11536
11554
11572
11590
11608
11626
11644
11662
11680
11698
11716
11734
11752
11770
11788
11806
11824
11842
11860
11878
11896
11914
11932
11950
11968
11986
12004
12022
12040
12058
12076
12094
12112
12130
12148
12166
12184
12202
12220
12238
12256
12274
12292
12310
12328
12346
12364
12382
12400
12418
12436
12454
12472
12490
12508
12526
12544
12562
12580
12598
12616
12634
12652
12670
12688
12706
12724
12742
12760
12778
12796
12814
12832
12850
12868
12886
12904
12922
12940
12958
12976
12994
13012
13030
13048
13066
13084
13102
13120
13138
13156
13174
13192
13210
13228
13246
13264
13282
13300
13318
13336
13354
13372
13390
13408
13426
13444
13462
13480
13498
13516
13534
13552
13570
13588
13606
13624
13642
13660
13678
13696
13714
13732
13750
13768
13786
13804
13822
13840
13858
13876
13894
13912
13930
13948
13966
13984
14002
14020
14038
14056
14074
14092
14110
14128
14146
14164
14182
14200
14218
14236
14254
14272
14290
14308
14326
14344
14362
14380
14398
14416
14434
14452
14470
14488
14506
14524
14542
14560
14578
14596
14614
14632
14650
14668
14686
14704
14722
14740
14758
14776
14794
14812
14830
14848
14866
14884
14902
14920
14938
14956
14974
14992
15010
15028
15046
15064
15082
15100
15118
15136
15154
15172
15190
15208
15226
15244
15262
15280
15298
15316
15334
15352
15370
15388
15406
15424
15442
15460
15478
15496
15514
15532
15550
15568
15586
15604
15622
15640
15658
15676
15694
15712
15730
15748
15766
15784
15802
15820
15838
15856
15874
15892
15910
15928
15946
15964
15982
16000
16018
16036
16054
16072
16090
16108
16126
16144
16162
16180
16198
16216
16234
16252
16270
16288
16306
16324
16342
16360
16378
16396
16414
16432
16450
16468
16486
16504
16522
16540
16558
16576
16594
16612
16630
16648
16666
16684
16702
16720
16738
16756
16774
16792
16810
16828
16846
16864
16882
16900
16918
16936
16954
16972
16990
17008
17026
17044
17062
17080
17098
17116
17134
17152
17170
17188
17206
17224
17242
17260
17278
17296
17314
17332
17350
17368
17386
17404
17422
17440
17458
17476
17494
17512
17530
17548
17566
17584
17602
17620
17638
17656
17674
17692
17710
17728
17746
17764
17782
17800
17818
17836
17854
17872
17890
17908
17926
17944
17962
17980
17998
18016
18034
18052
18070
18088
18106
18124
18142
18160
18178
18196
18214
18232
18251
18269
18287
18305
18323
18341
18359
18377
18395
18413
18431
18449
18467
18485
18503
18521
18539
18557
18575
18593
18611
18629
18647
18665
18683
18701
18719
18737
18755
18773
18791
18809
18827
18845
18863
18881
18899
18917
18935
18953
18971
18989
19007
19025
19043
19061
19079
19097
19115
19133
19151
19169
19187
19205
19223
19241
19259
19277
19295
19313
19331
19349
19367
19385
19403
19421
19439
19457
19475
19493
19511
19529
19547
19565
19583
19601
19619
19637
19655
19673
19691
19709
19727
19745
19763
19781
19799
19817
19835
19853
19871
19889
19907
19925
19943
19961
19979
19997
20015
20033
20051
20069
20087
20105
20123
20141
20159
20177
20195
20213
20231
20249
20267
20285
20303
20321
20339
20357
20375
20393
20411
20429
20447
20465
20483
20501
20519
20537
20555
20573
20591
20609
20627
20645
20663
20681
20699
20717
20735
20753
20771
20789
20807
20825
20843
20861
20879
20897
20915
20933
20951
20969
20987
21005
21023
21041
21059
21077
21095
21113
21131
21149
21167
21185
21203
21221
21239
21257
21275
21293
21311
21329
21347
21365
21383
21401
21419
21437
21455
21473
21491
21509
21527
21545
21563
21581
21599
21617
21635
21653
21671
21689
21707
21725
21743
21761
21779
21797
21815
21833
21851
21869
21887
21905
21923
21941
21959
21977
21995
22013
22031
22049
22067
22085
22103
22121
22139
22157
22175
22193
22211
22229
22247
22265
22283
22301
22319
22337
22355
22373
22391
22409
22427
22445
22463
22481
22499
22517
22535
22553
22571
22589
22607
22625
22643
22661
22679
22697
22715
22733
22751
22769
22787
22805
22823
22841
22859
22877
22895
22913
22931
22949
22967
22985
23003
23021
23039
23057
23075
23093
23111
23129
23147
23165
23183
23201
23219
23237
23255
23273
23291
23309
23327
23345
23363
23381
23399
23417
23435
23453
23471
23489
23507
23525
23543
23561
23579
23597
23615
23633
23651
23669
23687
23705
23723
23741
23759
23777
23795
23813
23831
23849
23867
23885
23903
23921
23939
23957
23975
23993
24011
24029
24047
24065
24083
24101
24119
24137
24155
24173
24191
24209
24227
24245
24263
24281
24299
24317
24335
24353
24371
24389
24407
24425
24443
24461
24479
24497
24515
24533
24551
24569
24587
24605
24623
24641
24659
24677
24695
24713
24731
24749
24767
24785
24803
24821
24839
24857
24875
24893
24911
24929
24947
24965
24983
25001
25019
25037
25055
25073
25091
25109
25127
25145
25163
25181
25199
25217
25235
25253
25271
25289
25307
25325
25343
25361
25379
25397
25415
25433
25451
25469
25487
25505
25523
25541
25559
25577
25595
25613
25631
25649
25667
25685
25703
25721
25739
25757
25775
25793
25811
25829
25847
25865
25883
25901
25919
25937
25955
25973
25991
26009
26027
26045
26063
26081
26099
26117
26135
26153
26171
26189
26207
26225
26243
26261
26279
26297
26315
26333
26351
26369
26387
26405
26423
26441
26459
26477
26495
26513
26531
26549
26567
26585
26603
26621
26639
26657
26675
26693
26711
26729
26747
26765
26783
26801
26819
26837
26855
26873
26891
26909
26927
26945
26963
26981
26999
27017
27035
27053
27071
27089
27107
27125
27143
27161
27179
27197
27215
27233
27251
