997
1760
3019
4906
7577
11164
15823
21686
28931
37646
48009
60152
74231
90378
108749
129476
152715
178598
207281
238928
273631
311554
352853
397810
446287
498560
554785
615094
679643
748564
822013
900122
983047
1070920
1163897
1262110
1365715
1474876
1589685
1710552
1837147
1969842
2108793
2254132
2406015
2564574
2729965
2902320
3081827
3268554
3462689
3664364
3873735
4090934
4316117
4549790
4791367
5041348
5299889
5567122
5843200
6128261
6422458
6725923
7038812
7361257
7693414
8035415
8387416
8749549
9122002
9506814
9900290
10304442
10719458
11145470
11582634
12031082
12490970
12962430
13445618
13940666
14447730
14966942
15498458
16042442
16598986
17168820
17750974
18346140
18954474
19576108
20211198
20859876
21522298
22198596
22888958
23593452
24312267
