270
283
302
314
333
351
370
365
384
409
428
423
442
443
462
457
476
506
525
520
539
540
559
554
573
580
599
594
613
614
633
628
647
683
702
697
716
717
736
731
750
757
776
771
790
791
810
805
824
837
856
851
870
871
890
885
904
911
930
925
944
945
964
959
978
1020
1039
1034
1053
1054
1073
1068
1087
1094
1113
1108
1127
1128
1147
1142
1161
1174
1193
1188
1207
1208
1227
1222
1241
1248
1267
1262
1281
1282
1301
1296
1315
1334
1353
1349
1368
1369
1388
1383
1402
1409
1428
1423
1442
1443
1462
1457
1476
1489
1508
1503
1522
1523
1542
1537
1556
1563
1582
1577
1596
1597
1616
1611
1630
1678
1697
1692
1711
1712
1731
1726
1745
1752
1771
1766
1785
1786
1805
1800
1819
1832
1851
1846
1865
1866
1885
1880
1899
1906
1925
1920
1939
1940
1959
1954
1973
1992
2011
2006
2025
2026
2045
2040
2059
2066
2085
2080
2099
2100
2119
2114
2133
2146
2165
2160
2179
2180
2199
2194
2213
2220
2239
2234
2253
2254
2273
2268
2287
2312
2331
2326
2345
2346
2365
2360
2379
2386
2405
2400
2419
2420
2439
2434
2453
2466
2485
2480
2499
2500
2519
2514
2533
2540
2559
2554
2573
2574
2593
2588
2607
2626
2645
2640
2659
2660
2679
2674
2693
2700
2719
2714
2733
2734
2753
2748
2767
2780
2799
2794
2813
2814
2833
2828
2847
2854
2873
2868
2887
2888
2907
2902
2921
2975
2994
2989
3008
3009
3028
3023
3042
3049
3068
3063
3082
3083
3102
3097
3116
3129
3148
3143
3162
3163
3182
3177
3196
3203
3222
3217
3236
3237
3256
3251
3270
3289
3308
3303
3322
3323
3342
3337
3356
3363
3382
3377
3396
3397
3416
3411
3430
3443
3462
3457
3476
3477
3496
3491
3510
3517
3536
3531
3550
3551
3570
3565
3584
3609
3628
3623
3642
3643
3662
3657
3676
3683
3702
3697
3716
3717
3736
3731
3750
3763
3782
3777
3796
3797
3816
3811
3830
3837
3856
3851
3870
3871
3890
3885
3904
3923
3942
3937
3956
3957
3976
3971
3990
3997
4016
4011
4030
4031
4050
4045
4064
4077
4096
4091
4110
4111
4130
4125
4144
4151
4170
4165
4184
4185
4204
4199
4218
4249
4268
4263
4282
4283
4302
4297
4316
4323
4342
4337
4356
4357
4376
4371
4390
4403
4422
4417
4436
4437
4456
4451
4470
4477
4496
4491
4510
4511
4530
4525
4544
4563
4582
4577
4596
4597
4616
4611
4630
4637
4656
4651
4670
4671
4690
4685
4704
4717
4736
4731
4750
4751
4770
4765
4784
4791
4810
4805
4824
4825
4844
4839
4858
4883
4902
4897
4916
4917
4936
4931
4950
4957
4976
4971
4990
4991
5010
5005
5024
5037
5056
5051
5070
5071
5090
5085
5104
5111
5130
5125
5144
5145
5164
5159
5178
5197
5216
5211
5230
5231
5250
5245
5263
5270
5289
5284
5303
5304
5323
5318
5337
5350
5369
5364
5383
5384
5403
5398
5417
5424
5443
5438
5457
5458
5477
5472
5491
5551
5570
5565
5584
5585
5604
5599
5618
5625
5644
5639
5658
5659
5678
5673
5692
5705
5724
5719
5738
5739
5758
5753
5772
5779
5798
5793
5812
5813
5832
5827
5846
5865
5884
5879
5898
5899
5918
5913
5932
5939
5958
5953
5972
5973
5992
5987
6006
6019
6038
6033
6052
6053
6072
6067
6086
6093
6112
6107
6126
6127
6146
6141
6160
6185
6204
6199
6218
6219
6238
6233
6252
6259
6278
6273
6292
6293
6312
6307
6326
6339
6358
6353
6372
6373
6392
6387
6406
6413
6432
6427
6446
6447
6466
6461
6480
6499
6518
6513
6532
6533
6552
6547
6566
6573
6592
6587
6606
6607
6626
6621
6640
6653
6672
6667
6686
6687
6706
6701
6720
6727
6746
6741
6760
6761
6780
6775
6794
6825
6844
6839
6858
6859
6878
6873
6892
6899
6918
6913
6932
6933
6952
6947
6966
6979
6998
6993
7012
7013
7032
7027
7046
7053
7072
7067
7086
7087
7106
7101
7120
7139
7158
7153
7172
7173
7192
7187
7206
7213
7232
7227
7246
7247
7266
7261
7280
7293
7312
7307
7326
7327
7346
7341
7360
7367
7386
7381
7400
7401
7420
7415
7434
7459
7478
7473
7492
7493
7512
7507
7526
7533
7552
7547
7566
7567
7586
7581
7600
7613
7632
7627
7646
7647
7666
7661
7680
7687
7706
7701
7720
7721
7740
7735
7754
7773
7792
7787
7806
7807
7826
7821
7840
7847
7866
7861
7880
7881
7900
7895
7914
7927
7946
7941
7960
7961
7980
7975
7994
8001
8020
8015
8034
8035
8054
8049
8068
8105
8124
8119
8138
8139
8158
8153
8172
8179
8198
8193
8212
8213
8232
8227
8246
8259
8278
8273
8292
8293
8312
8307
8326
8333
8352
8347
8366
8367
8386
8381
8400
8419
8438
8433
8452
8453
8472
8467
8486
8493
8512
8507
8526
8527
8546
8541
8560
8573
8592
8587
8606
8607
8626
8621
8640
8647
8666
8661
8680
8681
8700
8695
8714
8739
8758
8753
8772
8773
8792
8787
8806
8813
8832
8827
8846
8847
8866
8861
8880
8893
8912
8907
8926
8927
8946
8941
8960
8967
8986
8981
9000
9001
9020
9015
9034
9053
9072
9067
9086
9087
9106
9101
9120
9127
9146
9141
9160
9161
9180
9175
9194
9207
9226
9221
9240
9241
9260
9255
9274
9281
9300
9295
9314
9315
9334
9329
9348
9379
9398
9393
9412
9413
9432
9427
9446
9453
9472
9467
9486
9487
9506
9501
9520
9533
9552
9547
9566
9567
9586
9581
9600
9607
9626
9621
9640
9641
9660
9655
9674
9693
9712
9707
9726
9727
9746
9741
9760
9767
9786
9781
9800
9801
9820
9815
9834
9847
9866
9861
9880
9881
9900
9895
9914
9921
9940
9935
9954
9955
9974
9969
9988
10013
10032
10027
10046
10047
10066
10061
10080
10087
10106
10101
10120
10121
10140
10135
10154
10167
10186
10181
10200
10201
10220
10215
10234
10241
10260
10255
10274
10275
10294
10289
10308
10327
10346
10341
10360
10361
10380
10376
10395
10402
10421
10416
10435
10436
10455
10450
10469
10482
10501
10496
10515
10516
10535
10530
10549
10556
10575
10570
10589
10590
10609
10604
10623
10689
10708
10703
10722
10723
10742
10737
10756
10763
10782
10777
10796
10797
10816
10811
10830
10843
10862
10857
10876
10877
10896
10891
10910
10917
10936
10931
10950
10951
10970
10965
10984
11003
11022
11017
11036
11037
11056
11051
11070
11077
11096
11091
11110
11111
11130
11125
11144
11157
11176
11171
11190
11191
11210
11205
11224
11231
11250
11245
11264
11265
11284
11279
11298
11323
11342
11337
11356
11357
11376
11371
11390
11397
11416
11411
11430
11431
11450
11445
11464
11477
11496
11491
11510
11511
11530
11525
11544
11551
11570
11565
11584
11585
11604
11599
11618
11637
11656
11651
11670
11671
11690
11685
11704
11711
11730
11725
11744
11745
11764
11759
11778
11791
11810
11805
11824
11825
11844
11839
11858
11865
11884
11879
11898
11899
11918
11913
11932
11963
11982
11977
11996
11997
12016
12011
12030
12037
12056
12051
12070
12071
12090
12085
12104
12117
12136
12131
12150
12151
12170
12165
12184
12191
12210
12205
12224
12225
12244
12239
12258
12277
12296
12291
12310
12311
12330
12325
12344
12351
12370
12365
12384
12385
12404
12399
12418
12431
12450
12445
12464
12465
12484
12479
12498
12505
12524
12519
12538
12539
12558
12553
12572
12597
12616
12611
12630
12631
12650
12645
12664
12671
12690
12685
12704
12705
12724
12719
12738
12751
12770
12765
12784
12785
12804
12799
12818
12825
12844
12839
12858
12859
12878
12873
12892
12911
12930
12925
12944
12945
12964
12959
12978
12985
13004
12999
13018
13019
13038
13033
13052
13065
13084
13079
13098
13099
13118
13113
13132
13139
13158
13153
13172
13173
13192
13187
13206
13243
13262
13257
13276
13277
13296
13291
13310
13317
13336
13331
13350
13351
13370
13365
13384
13397
13416
13411
13430
13431
13450
13445
13464
13471
13490
13485
13504
13505
13524
13519
13538
13557
13576
13571
13590
13591
13610
13605
13624
13631
13650
13645
13664
13665
13684
13679
13698
13711
13730
13725
13744
13745
13764
13759
13778
13785
13804
13799
13818
13819
13838
13833
13852
13877
13896
13891
13910
13911
13930
13925
13944
13951
13970
13965
13984
13985
14004
13999
14018
14031
14050
14045
14064
14065
14084
14079
14098
14105
14124
14119
14138
14139
14158
14153
14172
14191
14210
14205
14224
14225
14244
14239
14258
14265
14284
14279
14298
14299
14318
14313
14332
14345
14364
14359
14378
14379
14398
14393
14412
14419
14438
14433
14452
14453
14472
14467
14486
14517
14536
14531
14550
14551
14570
14565
14584
14591
14610
14605
14624
14625
14644
14639
14658
14671
14690
14685
14704
14705
14724
14719
14738
14745
14764
14759
14778
14779
14798
14793
14812
14831
14850
14845
14864
14865
14884
14879
14898
14905
14924
14919
14938
14939
14958
14953
14972
14985
15004
14999
15018
15019
15038
15033
15052
15059
15078
15073
15092
15093
15112
15107
15126
15151
15170
15165
15184
15185
15204
15199
15218
15225
15244
15239
15258
15259
15278
15273
15292
15305
15324
15319
15338
15339
15358
15353
15372
15379
15398
15393
